app/build/intermediates/manifest_merge_blame_file/debug/manifest-merger-blame-debug-report.txt
1<?xml version="1.0" encoding="utf-8"?>
2<manifest xmlns:android="http://schemas.android.com/apk/res/android"
3    package="com.example.peiqi"
4    android:versionCode="1"
5    android:versionName="1.0" >
6
7    <uses-sdk
8        android:minSdkVersion="16"
8-->src\main\AndroidManifest.xml
9        android:targetSdkVersion="26" />
9-->src\main\AndroidManifest.xml
10    <!-- //提供Android系统识别 权限，入口，组件，界面 -->
11    <!-- 用于进行网络定位 -->
12    <uses-permission android:name="android.permission.ACCESS_COARSE_LOCATION" /> <!-- 用于访问GPS定位 -->
12-->src\main\AndroidManifest.xml:7:5-81
12-->src\main\AndroidManifest.xml:7:22-78
13    <uses-permission android:name="android.permission.ACCESS_FINE_LOCATION" /> <!-- 用于获取运营商信息，用于支持提供运营商信息相关的接口 -->
13-->src\main\AndroidManifest.xml:8:5-79
13-->src\main\AndroidManifest.xml:8:22-76
14    <uses-permission android:name="android.permission.ACCESS_NETWORK_STATE" /> <!-- 用于访问wifi网络信息，wifi信息会用于进行网络定位 -->
14-->src\main\AndroidManifest.xml:9:5-79
14-->src\main\AndroidManifest.xml:9:22-76
15    <uses-permission android:name="android.permission.ACCESS_WIFI_STATE" /> <!-- 用于获取wifi的获取权限，wifi信息会用来进行网络定位 -->
15-->src\main\AndroidManifest.xml:10:5-76
15-->src\main\AndroidManifest.xml:10:22-73
16    <uses-permission android:name="android.permission.CHANGE_WIFI_STATE" /> <!-- 用于访问网络，网络定位需要上网 -->
16-->src\main\AndroidManifest.xml:11:5-76
16-->src\main\AndroidManifest.xml:11:22-73
17    <uses-permission android:name="android.permission.INTERNET" /> <!-- 用于读取手机当前的状态 -->
17-->src\main\AndroidManifest.xml:12:5-67
17-->src\main\AndroidManifest.xml:12:22-64
18    <uses-permission android:name="android.permission.READ_PHONE_STATE" /> <!-- 用于写入缓存数据到扩展存储卡 -->
18-->src\main\AndroidManifest.xml:13:5-75
18-->src\main\AndroidManifest.xml:13:22-72
19    <uses-permission android:name="android.permission.WRITE_EXTERNAL_STORAGE" /> <!-- 用于申请调用A-GPS模块 -->
19-->src\main\AndroidManifest.xml:14:5-81
19-->src\main\AndroidManifest.xml:14:22-78
20    <uses-permission android:name="android.permission.ACCESS_LOCATION_EXTRA_COMMANDS" />
20-->src\main\AndroidManifest.xml:15:5-89
20-->src\main\AndroidManifest.xml:15:22-86
21    <uses-permission android:name="android.permission.READ_EXTERNAL_STORAGE" />
21-->src\main\AndroidManifest.xml:16:5-80
21-->src\main\AndroidManifest.xml:16:22-77
22
23    <application
23-->src\main\AndroidManifest.xml:18:5-44:19
24        android:name="androidx.multidex.MultiDexApplication"
25        android:allowBackup="true"
25-->src\main\AndroidManifest.xml:19:9-35
26        android:appComponentFactory="androidx.core.app.CoreComponentFactory"
26-->[androidx.core:core:1.1.0] AndroidManifest.xml:24:18-86
27        android:debuggable="true"
28        android:icon="@drawable/peiqi"
28-->src\main\AndroidManifest.xml:20:9-39
29        android:label="@string/app_name"
29-->src\main\AndroidManifest.xml:21:9-41
30        android:roundIcon="@drawable/peiqi"
30-->src\main\AndroidManifest.xml:22:9-44
31        android:supportsRtl="true"
31-->src\main\AndroidManifest.xml:23:9-35
32        android:theme="@style/AppTheme" >
32-->src\main\AndroidManifest.xml:24:9-40
33        <meta-data
33-->src\main\AndroidManifest.xml:27:9-29:64
34            android:name="com.amap.api.v2.apikey"
34-->src\main\AndroidManifest.xml:28:13-50
35            android:value="4f277772981c06d8c6363fb43cef9ea8" />
35-->src\main\AndroidManifest.xml:29:13-61
36
37        <activity android:name="com.example.peiqi.activity.SplashActivity" >
37-->src\main\AndroidManifest.xml:31:9-37:20
37-->src\main\AndroidManifest.xml:32:13-69
38            <intent-filter>
38-->src\main\AndroidManifest.xml:33:13-36:29
39                <action android:name="android.intent.action.MAIN" />
39-->src\main\AndroidManifest.xml:34:17-69
39-->src\main\AndroidManifest.xml:34:25-66
40
41                <category android:name="android.intent.category.LAUNCHER" />
41-->src\main\AndroidManifest.xml:35:17-77
41-->src\main\AndroidManifest.xml:35:27-74
42            </intent-filter>
43        </activity>
44        <activity android:name="com.example.peiqi.MainActivity" />
44-->src\main\AndroidManifest.xml:39:9-67
44-->src\main\AndroidManifest.xml:39:19-64
45        <activity android:name="com.example.peiqi.LoginActivity" />
45-->src\main\AndroidManifest.xml:41:9-67
45-->src\main\AndroidManifest.xml:41:19-65
46    </application>
47
48</manifest>